<?xml version="1.0" encoding="UTF-8"?>
<!-- Generated by org.testng.reporters.JUnitReportReporter -->
<testsuite hostname="Vigneshs-MacBook-Pro.local" name="ticketService.TicketServiceImplTests" tests="7" failures="0" timestamp="25 Aug 2016 23:35:44 GMT" time="0.996" errors="0">
  <testcase name="testNumSeatsAvailableInvalid" time="0.008" classname="ticketService.TicketServiceImplTests"/>
  <testcase name="testReserveSeats" time="0.070" classname="ticketService.TicketServiceImplTests"/>
  <testcase name="testfindAndHoldSeats" time="0.253" classname="ticketService.TicketServiceImplTests"/>
  <testcase name="testNumSeatsAvailableValidTest" time="0.183" classname="ticketService.TicketServiceImplTests"/>
  <testcase name="testInvalidHoldReserveRequestResponse" time="0.128" classname="ticketService.TicketServiceImplTests"/>
  <testcase name="testUniqueSeatHoldID" time="0.173" classname="ticketService.TicketServiceImplTests"/>
  <testcase name="testVerifyHoldStatus" time="0.181" classname="ticketService.TicketServiceImplTests"/>
</testsuite>
