<?xml version="1.0" encoding="UTF-8"?>
<!-- Generated by org.testng.reporters.JUnitReportReporter -->
<testsuite hostname="Vigneshs-MacBook-Pro.local" name="ticketService.TicketServiceUtilTest" tests="2" failures="0" timestamp="25 Aug 2016 23:35:44 GMT" time="0.130" errors="0">
  <testcase name="test" time="0.001" classname="ticketService.TicketServiceUtilTest"/>
  <testcase name="testGetAllLevels" time="0.129" classname="ticketService.TicketServiceUtilTest"/>
</testsuite>
