<?xml version="1.0" encoding="UTF-8"?>
<!-- Generated by org.testng.reporters.JUnitReportReporter -->
<testsuite hostname="Vigneshs-MacBook-Pro.local" name="TicketServiceDAOTest" tests="4" failures="0" timestamp="25 Aug 2016 23:35:44 GMT" time="1.365" errors="0">
  <testcase name="testBestSeatsInLevel" time="0.954" classname="TicketServiceDAOTest"/>
  <testcase name="testReserveHoldTickets" time="0.181" classname="TicketServiceDAOTest"/>
  <testcase name="testCreateNewSeatHold" time="0.131" classname="TicketServiceDAOTest"/>
  <testcase name="testfindSeatHold" time="0.099" classname="TicketServiceDAOTest"/>
</testsuite>
