<?xml version="1.0" encoding="UTF-8"?>
<!-- Generated by org.testng.reporters.JUnitReportReporter -->
<testsuite hostname="Vigneshs-MacBook-Pro.local" name="ticketService.TicketServiceImplTests" tests="7" failures="0" timestamp="26 Aug 2016 04:43:28 GMT" time="2.566" errors="0">
  <testcase name="testReserveSeats" time="0.205" classname="ticketService.TicketServiceImplTests"/>
  <testcase name="testVerifyHoldStatus" time="0.208" classname="ticketService.TicketServiceImplTests"/>
  <testcase name="testUniqueSeatHoldID" time="0.211" classname="ticketService.TicketServiceImplTests"/>
  <testcase name="testNumSeatsAvailableValidTest" time="0.227" classname="ticketService.TicketServiceImplTests"/>
  <testcase name="testNumSeatsAvailableInvalid" time="0.006" classname="ticketService.TicketServiceImplTests"/>
  <testcase name="testInvalidHoldReserveRequestResponse" time="1.372" classname="ticketService.TicketServiceImplTests"/>
  <testcase name="testfindAndHoldSeats" time="0.337" classname="ticketService.TicketServiceImplTests"/>
</testsuite>
