<?xml version="1.0" encoding="UTF-8"?>
<!-- Generated by org.testng.reporters.JUnitReportReporter -->
<testsuite hostname="Vigneshs-MacBook-Pro.local" name="TicketServiceDAOTest" tests="4" failures="0" timestamp="26 Aug 2016 04:43:28 GMT" time="0.306" errors="0">
  <testcase name="testCreateNewSeatHold" time="0.072" classname="TicketServiceDAOTest"/>
  <testcase name="testReserveHoldTickets" time="0.110" classname="TicketServiceDAOTest"/>
  <testcase name="testfindSeatHold" time="0.062" classname="TicketServiceDAOTest"/>
  <testcase name="testBestSeatsInLevel" time="0.062" classname="TicketServiceDAOTest"/>
</testsuite>
